08:00:33.916 [main] INFO  c.a.n.c.e.SearchableProperties - [sortPropertySourceDefaultOrder,197] - properties search order:PROPERTIES->JVM->ENV->DEFAULT_SETTING
08:00:33.990 [background-preinit] INFO  o.h.v.i.util.Version - [<clinit>,21] - HV000001: Hibernate Validator 6.2.5.Final
08:00:34.746 [main] INFO  c.a.n.p.a.s.c.ClientAuthPluginManager - [init,56] - [ClientAuthPluginManager] Load ClientAuthService com.alibaba.nacos.client.auth.impl.NacosClientAuthServiceImpl success.
08:00:34.746 [main] INFO  c.a.n.p.a.s.c.ClientAuthPluginManager - [init,56] - [ClientAuthPluginManager] Load ClientAuthService com.alibaba.nacos.client.auth.ram.RamClientAuthServiceImpl success.
08:00:48.746 [main] INFO  c.y.g.YingHuaGateWayApplication - [logStartupProfileInfo,637] - The following 1 profile is active: "dev"
08:00:50.910 [main] INFO  o.a.c.c.AprLifecycleListener - [log,173] - An older version [1.2.14] of the Apache Tomcat Native library is installed, while Tomcat recommends a minimum version of [1.2.30]
08:00:50.910 [main] INFO  o.a.c.c.AprLifecycleListener - [log,173] - Loaded Apache Tomcat Native library [1.2.14] using APR version [1.6.2].
08:00:50.910 [main] INFO  o.a.c.c.AprLifecycleListener - [log,173] - APR capabilities: IPv6 [true], sendfile [true], accept filters [false], random [true], UDS [false].
08:00:50.910 [main] INFO  o.a.c.c.AprLifecycleListener - [log,173] - APR/OpenSSL configuration: useAprConnector [false], useOpenSSL [true]
08:00:51.974 [main] INFO  o.a.c.c.AprLifecycleListener - [log,173] - OpenSSL successfully initialized [OpenSSL 1.0.2l  25 May 2017]
08:00:51.992 [main] INFO  o.a.c.h.Http11NioProtocol - [log,173] - Initializing ProtocolHandler ["http-nio-9000"]
08:00:51.993 [main] INFO  o.a.c.c.StandardService - [log,173] - Starting service [Tomcat]
08:00:51.993 [main] INFO  o.a.c.c.StandardEngine - [log,173] - Starting Servlet engine: [Apache Tomcat/9.0.71]
08:01:02.289 [main] INFO  c.a.n.p.a.s.c.ClientAuthPluginManager - [init,56] - [ClientAuthPluginManager] Load ClientAuthService com.alibaba.nacos.client.auth.impl.NacosClientAuthServiceImpl success.
08:01:02.290 [main] INFO  c.a.n.p.a.s.c.ClientAuthPluginManager - [init,56] - [ClientAuthPluginManager] Load ClientAuthService com.alibaba.nacos.client.auth.ram.RamClientAuthServiceImpl success.
08:01:10.315 [main] INFO  o.a.c.h.Http11NioProtocol - [log,173] - Starting ProtocolHandler ["http-nio-9000"]
08:01:16.709 [main] INFO  c.a.n.p.a.s.c.ClientAuthPluginManager - [init,56] - [ClientAuthPluginManager] Load ClientAuthService com.alibaba.nacos.client.auth.impl.NacosClientAuthServiceImpl success.
08:01:16.709 [main] INFO  c.a.n.p.a.s.c.ClientAuthPluginManager - [init,56] - [ClientAuthPluginManager] Load ClientAuthService com.alibaba.nacos.client.auth.ram.RamClientAuthServiceImpl success.
08:01:25.591 [main] INFO  o.a.c.h.Http11NioProtocol - [log,173] - Pausing ProtocolHandler ["http-nio-9000"]
08:01:25.591 [main] INFO  o.a.c.c.StandardService - [log,173] - Stopping service [Tomcat]
08:01:25.596 [main] INFO  o.a.c.h.Http11NioProtocol - [log,173] - Stopping ProtocolHandler ["http-nio-9000"]
08:01:25.604 [main] INFO  o.a.c.h.Http11NioProtocol - [log,173] - Destroying ProtocolHandler ["http-nio-9000"]
08:01:52.556 [main] INFO  c.a.n.c.e.SearchableProperties - [sortPropertySourceDefaultOrder,197] - properties search order:PROPERTIES->JVM->ENV->DEFAULT_SETTING
08:01:52.650 [background-preinit] INFO  o.h.v.i.util.Version - [<clinit>,21] - HV000001: Hibernate Validator 6.2.5.Final
08:01:53.465 [main] INFO  c.a.n.p.a.s.c.ClientAuthPluginManager - [init,56] - [ClientAuthPluginManager] Load ClientAuthService com.alibaba.nacos.client.auth.impl.NacosClientAuthServiceImpl success.
08:01:53.466 [main] INFO  c.a.n.p.a.s.c.ClientAuthPluginManager - [init,56] - [ClientAuthPluginManager] Load ClientAuthService com.alibaba.nacos.client.auth.ram.RamClientAuthServiceImpl success.
08:02:01.542 [main] INFO  c.y.g.YingHuaGateWayApplication - [logStartupProfileInfo,637] - The following 1 profile is active: "dev"
08:02:02.911 [main] INFO  o.a.c.c.AprLifecycleListener - [log,173] - An older version [1.2.14] of the Apache Tomcat Native library is installed, while Tomcat recommends a minimum version of [1.2.30]
08:02:02.912 [main] INFO  o.a.c.c.AprLifecycleListener - [log,173] - Loaded Apache Tomcat Native library [1.2.14] using APR version [1.6.2].
08:02:02.912 [main] INFO  o.a.c.c.AprLifecycleListener - [log,173] - APR capabilities: IPv6 [true], sendfile [true], accept filters [false], random [true], UDS [false].
08:02:02.912 [main] INFO  o.a.c.c.AprLifecycleListener - [log,173] - APR/OpenSSL configuration: useAprConnector [false], useOpenSSL [true]
08:02:04.004 [main] INFO  o.a.c.c.AprLifecycleListener - [log,173] - OpenSSL successfully initialized [OpenSSL 1.0.2l  25 May 2017]
08:02:04.018 [main] INFO  o.a.c.h.Http11NioProtocol - [log,173] - Initializing ProtocolHandler ["http-nio-9000"]
08:02:04.019 [main] INFO  o.a.c.c.StandardService - [log,173] - Starting service [Tomcat]
08:02:04.021 [main] INFO  o.a.c.c.StandardEngine - [log,173] - Starting Servlet engine: [Apache Tomcat/9.0.71]
08:02:11.941 [main] INFO  c.a.n.p.a.s.c.ClientAuthPluginManager - [init,56] - [ClientAuthPluginManager] Load ClientAuthService com.alibaba.nacos.client.auth.impl.NacosClientAuthServiceImpl success.
08:02:11.941 [main] INFO  c.a.n.p.a.s.c.ClientAuthPluginManager - [init,56] - [ClientAuthPluginManager] Load ClientAuthService com.alibaba.nacos.client.auth.ram.RamClientAuthServiceImpl success.
08:02:12.250 [main] INFO  o.a.c.h.Http11NioProtocol - [log,173] - Starting ProtocolHandler ["http-nio-9000"]
08:02:16.261 [main] INFO  c.a.c.n.r.NacosServiceRegistry - [register,75] - nacos registry, DEFAULT_GROUP yinghua-gateway 10.57.100.17:9000 register finished
08:02:16.287 [main] INFO  c.y.g.YingHuaGateWayApplication - [logStarted,61] - Started YingHuaGateWayApplication in 25.78 seconds (JVM running for 27.922)
08:02:16.573 [main] INFO  c.a.c.n.r.NacosContextRefresher - [registerNacosListener,129] - [Nacos Config] Listening config: dataId=yinghua-gateway.yml, group=DEFAULT_GROUP
08:02:16.574 [main] INFO  c.a.c.n.r.NacosContextRefresher - [registerNacosListener,129] - [Nacos Config] Listening config: dataId=yinghua-gateway-dev.yml, group=DEFAULT_GROUP
08:02:16.575 [main] INFO  c.a.c.n.r.NacosContextRefresher - [registerNacosListener,129] - [Nacos Config] Listening config: dataId=yinghua-gateway, group=DEFAULT_GROUP
